ARM GAS  C:\Users\antoi\AppData\Local\Temp\ccTxJChG.s 			page 1


   1              		.syntax unified
   2              		.cpu cortex-m3
   3              		.fpu softvfp
   4              		.eabi_attribute 20, 1
   5              		.eabi_attribute 21, 1
   6              		.eabi_attribute 23, 3
   7              		.eabi_attribute 24, 1
   8              		.eabi_attribute 25, 1
   9              		.eabi_attribute 26, 1
  10              		.eabi_attribute 30, 1
  11              		.eabi_attribute 34, 1
  12              		.eabi_attribute 18, 4
  13              		.thumb
  14              		.syntax unified
  15              		.file	"cymetadata.c"
  16              		.text
  17              	.Ltext0:
  18              		.cfi_sections	.debug_frame
  19              		.global	cy_metadata
  20              		.global	cy_meta_flashprotect
  21              		.global	cy_meta_wonvl
  22              		.global	cy_meta_custnvl
  23              		.global	cy_meta_configecc
  24              		.section	.cyconfigecc,"a",%progbits
  25              		.align	2
  26              		.type	cy_meta_configecc, %object
  27              		.size	cy_meta_configecc, 564
  28              	cy_meta_configecc:
  29 0000 01       		.byte	1
  30 0001 52       		.byte	82
  31 0002 00       		.byte	0
  32 0003 40       		.byte	64
  33 0004 02       		.byte	2
  34 0005 65       		.byte	101
  35 0006 00       		.byte	0
  36 0007 40       		.byte	64
  37 0008 04       		.byte	4
  38 0009 06       		.byte	6
  39 000a 01       		.byte	1
  40 000b 40       		.byte	64
  41 000c 03       		.byte	3
  42 000d 07       		.byte	7
  43 000e 01       		.byte	1
  44 000f 40       		.byte	64
  45 0010 01       		.byte	1
  46 0011 09       		.byte	9
  47 0012 01       		.byte	1
  48 0013 40       		.byte	64
  49 0014 3F       		.byte	63
  50 0015 14       		.byte	20
  51 0016 01       		.byte	1
  52 0017 40       		.byte	64
  53 0018 1E       		.byte	30
  54 0019 15       		.byte	21
  55 001a 01       		.byte	1
  56 001b 40       		.byte	64
  57 001c 3B       		.byte	59
ARM GAS  C:\Users\antoi\AppData\Local\Temp\ccTxJChG.s 			page 2


  58 001d 16       		.byte	22
  59 001e 01       		.byte	1
  60 001f 40       		.byte	64
  61 0020 1E       		.byte	30
  62 0021 17       		.byte	23
  63 0022 01       		.byte	1
  64 0023 40       		.byte	64
  65 0024 01       		.byte	1
  66 0025 19       		.byte	25
  67 0026 01       		.byte	1
  68 0027 40       		.byte	64
  69 0028 02       		.byte	2
  70 0029 1B       		.byte	27
  71 002a 01       		.byte	1
  72 002b 40       		.byte	64
  73 002c 02       		.byte	2
  74 002d 44       		.byte	68
  75 002e 01       		.byte	1
  76 002f 40       		.byte	64
  77 0030 03       		.byte	3
  78 0031 45       		.byte	69
  79 0032 01       		.byte	1
  80 0033 40       		.byte	64
  81 0034 04       		.byte	4
  82 0035 46       		.byte	70
  83 0036 01       		.byte	1
  84 0037 40       		.byte	64
  85 0038 03       		.byte	3
  86 0039 47       		.byte	71
  87 003a 01       		.byte	1
  88 003b 40       		.byte	64
  89 003c 02       		.byte	2
  90 003d 48       		.byte	72
  91 003e 01       		.byte	1
  92 003f 40       		.byte	64
  93 0040 01       		.byte	1
  94 0041 49       		.byte	73
  95 0042 01       		.byte	1
  96 0043 40       		.byte	64
  97 0044 05       		.byte	5
  98 0045 4C       		.byte	76
  99 0046 01       		.byte	1
 100 0047 40       		.byte	64
 101 0048 05       		.byte	5
 102 0049 4D       		.byte	77
 103 004a 01       		.byte	1
 104 004b 40       		.byte	64
 105 004c 02       		.byte	2
 106 004d 50       		.byte	80
 107 004e 01       		.byte	1
 108 004f 40       		.byte	64
 109 0050 10       		.byte	16
 110 0051 80       		.byte	-128
 111 0052 85       		.byte	-123
 112 0053 0D       		.byte	13
 113 0054 87       		.byte	-121
 114 0055 0D       		.byte	13
ARM GAS  C:\Users\antoi\AppData\Local\Temp\ccTxJChG.s 			page 3


 115 0056 B8       		.byte	-72
 116 0057 80       		.byte	-128
 117 0058 BE       		.byte	-66
 118 0059 40       		.byte	64
 119 005a D8       		.byte	-40
 120 005b 04       		.byte	4
 121 005c DF       		.byte	-33
 122 005d 01       		.byte	1
 123 005e 18       		.byte	24
 124 005f 02       		.byte	2
 125 0060 86       		.byte	-122
 126 0061 01       		.byte	1
 127 0062 E0       		.byte	-32
 128 0063 08       		.byte	8
 129 0064 E0       		.byte	-32
 130 0065 08       		.byte	8
 131 0066 40       		.byte	64
 132 0067 30       		.byte	48
 133 0068 41       		.byte	65
 134 0069 02       		.byte	2
 135 006a 49       		.byte	73
 136 006b FF       		.byte	-1
 137 006c 4A       		.byte	74
 138 006d FF       		.byte	-1
 139 006e 4B       		.byte	75
 140 006f FF       		.byte	-1
 141 0070 4D       		.byte	77
 142 0071 A0       		.byte	-96
 143 0072 4F       		.byte	79
 144 0073 04       		.byte	4
 145 0074 50       		.byte	80
 146 0075 18       		.byte	24
 147 0076 5A       		.byte	90
 148 0077 04       		.byte	4
 149 0078 5D       		.byte	93
 150 0079 02       		.byte	2
 151 007a 5F       		.byte	95
 152 007b 01       		.byte	1
 153 007c 60       		.byte	96
 154 007d 40       		.byte	64
 155 007e 62       		.byte	98
 156 007f C0       		.byte	-64
 157 0080 64       		.byte	100
 158 0081 40       		.byte	64
 159 0082 65       		.byte	101
 160 0083 40       		.byte	64
 161 0084 66       		.byte	102
 162 0085 C0       		.byte	-64
 163 0086 68       		.byte	104
 164 0087 C0       		.byte	-64
 165 0088 6A       		.byte	106
 166 0089 C0       		.byte	-64
 167 008a 6C       		.byte	108
 168 008b C0       		.byte	-64
 169 008c 6E       		.byte	110
 170 008d C0       		.byte	-64
 171 008e 83       		.byte	-125
ARM GAS  C:\Users\antoi\AppData\Local\Temp\ccTxJChG.s 			page 4


 172 008f 01       		.byte	1
 173 0090 8A       		.byte	-118
 174 0091 06       		.byte	6
 175 0092 9E       		.byte	-98
 176 0093 0C       		.byte	12
 177 0094 A6       		.byte	-90
 178 0095 02       		.byte	2
 179 0096 AD       		.byte	-83
 180 0097 01       		.byte	1
 181 0098 AE       		.byte	-82
 182 0099 01       		.byte	1
 183 009a B0       		.byte	-80
 184 009b 08       		.byte	8
 185 009c B2       		.byte	-78
 186 009d 01       		.byte	1
 187 009e B4       		.byte	-76
 188 009f 02       		.byte	2
 189 00a0 B6       		.byte	-74
 190 00a1 04       		.byte	4
 191 00a2 B7       		.byte	-73
 192 00a3 01       		.byte	1
 193 00a4 BE       		.byte	-66
 194 00a5 10       		.byte	16
 195 00a6 C0       		.byte	-64
 196 00a7 30       		.byte	48
 197 00a8 C1       		.byte	-63
 198 00a9 02       		.byte	2
 199 00aa C5       		.byte	-59
 200 00ab D0       		.byte	-48
 201 00ac C6       		.byte	-58
 202 00ad 20       		.byte	32
 203 00ae C7       		.byte	-57
 204 00af 10       		.byte	16
 205 00b0 C8       		.byte	-56
 206 00b1 2A       		.byte	42
 207 00b2 C9       		.byte	-55
 208 00b3 FF       		.byte	-1
 209 00b4 CA       		.byte	-54
 210 00b5 FF       		.byte	-1
 211 00b6 CB       		.byte	-53
 212 00b7 FF       		.byte	-1
 213 00b8 CD       		.byte	-51
 214 00b9 AF       		.byte	-81
 215 00ba CE       		.byte	-50
 216 00bb 0F       		.byte	15
 217 00bc CF       		.byte	-49
 218 00bd 04       		.byte	4
 219 00be D0       		.byte	-48
 220 00bf 18       		.byte	24
 221 00c0 D2       		.byte	-46
 222 00c1 80       		.byte	-128
 223 00c2 D4       		.byte	-44
 224 00c3 05       		.byte	5
 225 00c4 D8       		.byte	-40
 226 00c5 04       		.byte	4
 227 00c6 D9       		.byte	-39
 228 00c7 04       		.byte	4
ARM GAS  C:\Users\antoi\AppData\Local\Temp\ccTxJChG.s 			page 5


 229 00c8 DA       		.byte	-38
 230 00c9 04       		.byte	4
 231 00ca DB       		.byte	-37
 232 00cb 04       		.byte	4
 233 00cc DC       		.byte	-36
 234 00cd 22       		.byte	34
 235 00ce DD       		.byte	-35
 236 00cf 22       		.byte	34
 237 00d0 DF       		.byte	-33
 238 00d1 01       		.byte	1
 239 00d2 E0       		.byte	-32
 240 00d3 40       		.byte	64
 241 00d4 E2       		.byte	-30
 242 00d5 C0       		.byte	-64
 243 00d6 E4       		.byte	-28
 244 00d7 40       		.byte	64
 245 00d8 E5       		.byte	-27
 246 00d9 40       		.byte	64
 247 00da E6       		.byte	-26
 248 00db C0       		.byte	-64
 249 00dc E8       		.byte	-24
 250 00dd C0       		.byte	-64
 251 00de EA       		.byte	-22
 252 00df C0       		.byte	-64
 253 00e0 EC       		.byte	-20
 254 00e1 C0       		.byte	-64
 255 00e2 EE       		.byte	-18
 256 00e3 C0       		.byte	-64
 257 00e4 04       		.byte	4
 258 00e5 10       		.byte	16
 259 00e6 0F       		.byte	15
 260 00e7 02       		.byte	2
 261 00e8 16       		.byte	22
 262 00e9 20       		.byte	32
 263 00ea 17       		.byte	23
 264 00eb 40       		.byte	64
 265 00ec 1C       		.byte	28
 266 00ed 10       		.byte	16
 267 00ee 1D       		.byte	29
 268 00ef 88       		.byte	-120
 269 00f0 1E       		.byte	30
 270 00f1 08       		.byte	8
 271 00f2 1F       		.byte	31
 272 00f3 02       		.byte	2
 273 00f4 26       		.byte	38
 274 00f5 40       		.byte	64
 275 00f6 2F       		.byte	47
 276 00f7 02       		.byte	2
 277 00f8 3F       		.byte	63
 278 00f9 02       		.byte	2
 279 00fa 40       		.byte	64
 280 00fb 10       		.byte	16
 281 00fc 41       		.byte	65
 282 00fd 20       		.byte	32
 283 00fe 45       		.byte	69
 284 00ff 28       		.byte	40
 285 0100 4F       		.byte	79
ARM GAS  C:\Users\antoi\AppData\Local\Temp\ccTxJChG.s 			page 6


 286 0101 01       		.byte	1
 287 0102 55       		.byte	85
 288 0103 20       		.byte	32
 289 0104 56       		.byte	86
 290 0105 20       		.byte	32
 291 0106 57       		.byte	87
 292 0107 01       		.byte	1
 293 0108 5E       		.byte	94
 294 0109 88       		.byte	-120
 295 010a 5F       		.byte	95
 296 010b 01       		.byte	1
 297 010c 77       		.byte	119
 298 010d 40       		.byte	64
 299 010e 8D       		.byte	-115
 300 010f 80       		.byte	-128
 301 0110 C0       		.byte	-64
 302 0111 40       		.byte	64
 303 0112 C2       		.byte	-62
 304 0113 80       		.byte	-128
 305 0114 C4       		.byte	-60
 306 0115 A0       		.byte	-96
 307 0116 CA       		.byte	-54
 308 0117 10       		.byte	16
 309 0118 CE       		.byte	-50
 310 0119 80       		.byte	-128
 311 011a D0       		.byte	-48
 312 011b 66       		.byte	102
 313 011c D6       		.byte	-42
 314 011d D0       		.byte	-48
 315 011e E8       		.byte	-24
 316 011f 20       		.byte	32
 317 0120 40       		.byte	64
 318 0121 60       		.byte	96
 319 0122 41       		.byte	65
 320 0123 05       		.byte	5
 321 0124 49       		.byte	73
 322 0125 FF       		.byte	-1
 323 0126 4A       		.byte	74
 324 0127 FF       		.byte	-1
 325 0128 4B       		.byte	75
 326 0129 FF       		.byte	-1
 327 012a 4D       		.byte	77
 328 012b A0       		.byte	-96
 329 012c 4F       		.byte	79
 330 012d 04       		.byte	4
 331 012e 50       		.byte	80
 332 012f 18       		.byte	24
 333 0130 5A       		.byte	90
 334 0131 04       		.byte	4
 335 0132 5F       		.byte	95
 336 0133 01       		.byte	1
 337 0134 60       		.byte	96
 338 0135 40       		.byte	64
 339 0136 62       		.byte	98
 340 0137 C0       		.byte	-64
 341 0138 64       		.byte	100
 342 0139 40       		.byte	64
ARM GAS  C:\Users\antoi\AppData\Local\Temp\ccTxJChG.s 			page 7


 343 013a 65       		.byte	101
 344 013b 40       		.byte	64
 345 013c 66       		.byte	102
 346 013d C0       		.byte	-64
 347 013e 68       		.byte	104
 348 013f C0       		.byte	-64
 349 0140 6A       		.byte	106
 350 0141 C0       		.byte	-64
 351 0142 6C       		.byte	108
 352 0143 C0       		.byte	-64
 353 0144 6E       		.byte	110
 354 0145 C0       		.byte	-64
 355 0146 8E       		.byte	-114
 356 0147 02       		.byte	2
 357 0148 92       		.byte	-110
 358 0149 01       		.byte	1
 359 014a 9A       		.byte	-102
 360 014b 06       		.byte	6
 361 014c 9B       		.byte	-101
 362 014d 01       		.byte	1
 363 014e A6       		.byte	-90
 364 014f 0C       		.byte	12
 365 0150 AD       		.byte	-83
 366 0151 01       		.byte	1
 367 0152 B0       		.byte	-80
 368 0153 08       		.byte	8
 369 0154 B2       		.byte	-78
 370 0155 02       		.byte	2
 371 0156 B4       		.byte	-76
 372 0157 01       		.byte	1
 373 0158 B6       		.byte	-74
 374 0159 04       		.byte	4
 375 015a B7       		.byte	-73
 376 015b 01       		.byte	1
 377 015c BE       		.byte	-66
 378 015d 04       		.byte	4
 379 015e C0       		.byte	-64
 380 015f 20       		.byte	32
 381 0160 C1       		.byte	-63
 382 0161 05       		.byte	5
 383 0162 C5       		.byte	-59
 384 0163 D1       		.byte	-47
 385 0164 C7       		.byte	-57
 386 0165 20       		.byte	32
 387 0166 C8       		.byte	-56
 388 0167 23       		.byte	35
 389 0168 C9       		.byte	-55
 390 0169 FF       		.byte	-1
 391 016a CA       		.byte	-54
 392 016b FF       		.byte	-1
 393 016c CB       		.byte	-53
 394 016d FF       		.byte	-1
 395 016e CD       		.byte	-51
 396 016f AF       		.byte	-81
 397 0170 CE       		.byte	-50
 398 0171 0F       		.byte	15
 399 0172 CF       		.byte	-49
ARM GAS  C:\Users\antoi\AppData\Local\Temp\ccTxJChG.s 			page 8


 400 0173 04       		.byte	4
 401 0174 D0       		.byte	-48
 402 0175 18       		.byte	24
 403 0176 D2       		.byte	-46
 404 0177 80       		.byte	-128
 405 0178 D4       		.byte	-44
 406 0179 05       		.byte	5
 407 017a D8       		.byte	-40
 408 017b 04       		.byte	4
 409 017c D9       		.byte	-39
 410 017d 04       		.byte	4
 411 017e DA       		.byte	-38
 412 017f 04       		.byte	4
 413 0180 DB       		.byte	-37
 414 0181 04       		.byte	4
 415 0182 DF       		.byte	-33
 416 0183 01       		.byte	1
 417 0184 E0       		.byte	-32
 418 0185 40       		.byte	64
 419 0186 E2       		.byte	-30
 420 0187 C0       		.byte	-64
 421 0188 E4       		.byte	-28
 422 0189 40       		.byte	64
 423 018a E5       		.byte	-27
 424 018b 40       		.byte	64
 425 018c E6       		.byte	-26
 426 018d C0       		.byte	-64
 427 018e E8       		.byte	-24
 428 018f C0       		.byte	-64
 429 0190 EA       		.byte	-22
 430 0191 C0       		.byte	-64
 431 0192 EC       		.byte	-20
 432 0193 C0       		.byte	-64
 433 0194 EE       		.byte	-18
 434 0195 C0       		.byte	-64
 435 0196 02       		.byte	2
 436 0197 02       		.byte	2
 437 0198 09       		.byte	9
 438 0199 02       		.byte	2
 439 019a 0A       		.byte	10
 440 019b 04       		.byte	4
 441 019c 10       		.byte	16
 442 019d 20       		.byte	32
 443 019e 19       		.byte	25
 444 019f 04       		.byte	4
 445 01a0 1A       		.byte	26
 446 01a1 05       		.byte	5
 447 01a2 1B       		.byte	27
 448 01a3 11       		.byte	17
 449 01a4 22       		.byte	34
 450 01a5 40       		.byte	64
 451 01a6 2B       		.byte	43
 452 01a7 01       		.byte	1
 453 01a8 30       		.byte	48
 454 01a9 20       		.byte	32
 455 01aa 42       		.byte	66
 456 01ab 04       		.byte	4
ARM GAS  C:\Users\antoi\AppData\Local\Temp\ccTxJChG.s 			page 9


 457 01ac 48       		.byte	72
 458 01ad 20       		.byte	32
 459 01ae 49       		.byte	73
 460 01af 01       		.byte	1
 461 01b0 4A       		.byte	74
 462 01b1 02       		.byte	2
 463 01b2 4E       		.byte	78
 464 01b3 02       		.byte	2
 465 01b4 4F       		.byte	79
 466 01b5 20       		.byte	32
 467 01b6 52       		.byte	82
 468 01b7 02       		.byte	2
 469 01b8 59       		.byte	89
 470 01b9 05       		.byte	5
 471 01ba 5A       		.byte	90
 472 01bb 80       		.byte	-128
 473 01bc 71       		.byte	113
 474 01bd 02       		.byte	2
 475 01be 96       		.byte	-106
 476 01bf 01       		.byte	1
 477 01c0 B4       		.byte	-76
 478 01c1 01       		.byte	1
 479 01c2 C0       		.byte	-64
 480 01c3 01       		.byte	1
 481 01c4 C2       		.byte	-62
 482 01c5 0A       		.byte	10
 483 01c6 C4       		.byte	-60
 484 01c7 04       		.byte	4
 485 01c8 CA       		.byte	-54
 486 01c9 08       		.byte	8
 487 01ca CC       		.byte	-52
 488 01cb 04       		.byte	4
 489 01cc D0       		.byte	-48
 490 01cd 04       		.byte	4
 491 01ce D2       		.byte	-46
 492 01cf 38       		.byte	56
 493 01d0 D6       		.byte	-42
 494 01d1 0B       		.byte	11
 495 01d2 E8       		.byte	-24
 496 01d3 40       		.byte	64
 497 01d4 E0       		.byte	-32
 498 01d5 10       		.byte	16
 499 01d6 E8       		.byte	-24
 500 01d7 20       		.byte	32
 501 01d8 7C       		.byte	124
 502 01d9 20       		.byte	32
 503 01da DE       		.byte	-34
 504 01db 01       		.byte	1
 505 01dc 5E       		.byte	94
 506 01dd 01       		.byte	1
 507 01de 9C       		.byte	-100
 508 01df 20       		.byte	32
 509 01e0 D6       		.byte	-42
 510 01e1 01       		.byte	1
 511 01e2 44       		.byte	68
 512 01e3 10       		.byte	16
 513 01e4 96       		.byte	-106
ARM GAS  C:\Users\antoi\AppData\Local\Temp\ccTxJChG.s 			page 10


 514 01e5 01       		.byte	1
 515 01e6 9C       		.byte	-100
 516 01e7 20       		.byte	32
 517 01e8 D0       		.byte	-48
 518 01e9 01       		.byte	1
 519 01ea 86       		.byte	-122
 520 01eb 01       		.byte	1
 521 01ec 96       		.byte	-106
 522 01ed 01       		.byte	1
 523 01ee 9C       		.byte	-100
 524 01ef 30       		.byte	48
 525 01f0 21       		.byte	33
 526 01f1 01       		.byte	1
 527 01f2 C8       		.byte	-56
 528 01f3 40       		.byte	64
 529 01f4 B1       		.byte	-79
 530 01f5 01       		.byte	1
 531 01f6 52       		.byte	82
 532 01f7 20       		.byte	32
 533 01f8 9C       		.byte	-100
 534 01f9 10       		.byte	16
 535 01fa B4       		.byte	-76
 536 01fb 20       		.byte	32
 537 01fc D4       		.byte	-44
 538 01fd 04       		.byte	4
 539 01fe E8       		.byte	-24
 540 01ff 02       		.byte	2
 541 0200 8E       		.byte	-114
 542 0201 20       		.byte	32
 543 0202 A6       		.byte	-90
 544 0203 20       		.byte	32
 545 0204 B0       		.byte	-80
 546 0205 10       		.byte	16
 547 0206 E0       		.byte	-32
 548 0207 08       		.byte	8
 549 0208 E8       		.byte	-24
 550 0209 04       		.byte	4
 551 020a 10       		.byte	16
 552 020b 05       		.byte	5
 553 020c 1A       		.byte	26
 554 020d 05       		.byte	5
 555 020e 00       		.byte	0
 556 020f 00       		.byte	0
 557 0210 00       		.byte	0
 558 0211 63       		.byte	99
 559 0212 63       		.byte	99
 560 0213 00       		.byte	0
 561 0214 00       		.byte	0
 562 0215 00       		.byte	0
 563 0216 00       		.byte	0
 564 0217 00       		.byte	0
 565 0218 38       		.byte	56
 566 0219 00       		.byte	0
 567 021a 00       		.byte	0
 568 021b 00       		.byte	0
 569 021c 00       		.byte	0
 570 021d 00       		.byte	0
ARM GAS  C:\Users\antoi\AppData\Local\Temp\ccTxJChG.s 			page 11


 571 021e 00       		.byte	0
 572 021f 00       		.byte	0
 573 0220 00       		.byte	0
 574 0221 0F       		.byte	15
 575 0222 0F       		.byte	15
 576 0223 00       		.byte	0
 577 0224 04       		.byte	4
 578 0225 00       		.byte	0
 579 0226 10       		.byte	16
 580 0227 00       		.byte	0
 581 0228 00       		.byte	0
 582 0229 FF       		.byte	-1
 583 022a FF       		.byte	-1
 584 022b 00       		.byte	0
 585 022c 80       		.byte	-128
 586 022d 00       		.byte	0
 587 022e 00       		.byte	0
 588 022f 00       		.byte	0
 589 0230 25       		.byte	37
 590 0231 00       		.byte	0
 591 0232 18       		.byte	24
 592 0233 01       		.byte	1
 593              		.section	.cywolatch,"a",%progbits
 594              		.align	2
 595              		.type	cy_meta_wonvl, %object
 596              		.size	cy_meta_wonvl, 4
 597              	cy_meta_wonvl:
 598 0000 BC       		.byte	-68
 599 0001 90       		.byte	-112
 600 0002 AC       		.byte	-84
 601 0003 AF       		.byte	-81
 602              		.section	.cycustnvl,"a",%progbits
 603              		.align	2
 604              		.type	cy_meta_custnvl, %object
 605              		.size	cy_meta_custnvl, 4
 606              	cy_meta_custnvl:
 607 0000 00       		.byte	0
 608 0001 00       		.byte	0
 609 0002 40       		.byte	64
 610 0003 05       		.byte	5
 611              		.section	.cymeta,"a",%progbits
 612              		.align	2
 613              		.type	cy_metadata, %object
 614              		.size	cy_metadata, 12
 615              	cy_metadata:
 616 0000 00       		.byte	0
 617 0001 01       		.byte	1
 618 0002 2E       		.byte	46
 619 0003 16       		.byte	22
 620 0004 10       		.byte	16
 621 0005 69       		.byte	105
 622 0006 00       		.byte	0
 623 0007 01       		.byte	1
 624 0008 00       		.byte	0
 625 0009 00       		.byte	0
 626 000a 00       		.byte	0
 627 000b 00       		.byte	0
ARM GAS  C:\Users\antoi\AppData\Local\Temp\ccTxJChG.s 			page 12


 628              		.section	.cyflashprotect,"a",%progbits
 629              		.align	2
 630              		.type	cy_meta_flashprotect, %object
 631              		.size	cy_meta_flashprotect, 256
 632              	cy_meta_flashprotect:
 633 0000 00000000 		.space	256
 633      00000000 
 633      00000000 
 633      00000000 
 633      00000000 
 634              		.text
 635              	.Letext0:
 636              		.file 1 "c:\\program files (x86)\\cypress\\psoc creator\\4.4\\psoc creator\\import\\gnu\\arm\\5.4.
 637              		.file 2 "c:\\program files (x86)\\cypress\\psoc creator\\4.4\\psoc creator\\import\\gnu\\arm\\5.4.
 638              		.file 3 "Generated_Source\\PSoC5\\cymetadata.c"
 639              		.section	.debug_info,"",%progbits
 640              	.Ldebug_info0:
 641 0000 31010000 		.4byte	0x131
 642 0004 0400     		.2byte	0x4
 643 0006 00000000 		.4byte	.Ldebug_abbrev0
 644 000a 04       		.byte	0x4
 645 000b 01       		.uleb128 0x1
 646 000c 24000000 		.4byte	.LASF17
 647 0010 0C       		.byte	0xc
 648 0011 C0010000 		.4byte	.LASF18
 649 0015 D7000000 		.4byte	.LASF19
 650 0019 00000000 		.4byte	.Ldebug_line0
 651 001d 02       		.uleb128 0x2
 652 001e 01       		.byte	0x1
 653 001f 06       		.byte	0x6
 654 0020 B4010000 		.4byte	.LASF0
 655 0024 03       		.uleb128 0x3
 656 0025 00000000 		.4byte	.LASF9
 657 0029 01       		.byte	0x1
 658 002a 1D       		.byte	0x1d
 659 002b 2F000000 		.4byte	0x2f
 660 002f 02       		.uleb128 0x2
 661 0030 01       		.byte	0x1
 662 0031 08       		.byte	0x8
 663 0032 16000000 		.4byte	.LASF1
 664 0036 02       		.uleb128 0x2
 665 0037 02       		.byte	0x2
 666 0038 05       		.byte	0x5
 667 0039 A1010000 		.4byte	.LASF2
 668 003d 02       		.uleb128 0x2
 669 003e 02       		.byte	0x2
 670 003f 07       		.byte	0x7
 671 0040 C4000000 		.4byte	.LASF3
 672 0044 02       		.uleb128 0x2
 673 0045 04       		.byte	0x4
 674 0046 05       		.byte	0x5
 675 0047 AB010000 		.4byte	.LASF4
 676 004b 02       		.uleb128 0x2
 677 004c 04       		.byte	0x4
 678 004d 07       		.byte	0x7
 679 004e B2000000 		.4byte	.LASF5
 680 0052 02       		.uleb128 0x2
ARM GAS  C:\Users\antoi\AppData\Local\Temp\ccTxJChG.s 			page 13


 681 0053 08       		.byte	0x8
 682 0054 05       		.byte	0x5
 683 0055 93010000 		.4byte	.LASF6
 684 0059 02       		.uleb128 0x2
 685 005a 08       		.byte	0x8
 686 005b 07       		.byte	0x7
 687 005c 48010000 		.4byte	.LASF7
 688 0060 04       		.uleb128 0x4
 689 0061 04       		.byte	0x4
 690 0062 05       		.byte	0x5
 691 0063 696E7400 		.ascii	"int\000"
 692 0067 02       		.uleb128 0x2
 693 0068 04       		.byte	0x4
 694 0069 07       		.byte	0x7
 695 006a 3B010000 		.4byte	.LASF8
 696 006e 03       		.uleb128 0x3
 697 006f 5F010000 		.4byte	.LASF10
 698 0073 02       		.byte	0x2
 699 0074 18       		.byte	0x18
 700 0075 24000000 		.4byte	0x24
 701 0079 05       		.uleb128 0x5
 702 007a 91000000 		.4byte	0x91
 703 007e 8A000000 		.4byte	0x8a
 704 0082 06       		.uleb128 0x6
 705 0083 8A000000 		.4byte	0x8a
 706 0087 3302     		.2byte	0x233
 707 0089 00       		.byte	0
 708 008a 02       		.uleb128 0x2
 709 008b 04       		.byte	0x4
 710 008c 07       		.byte	0x7
 711 008d 8A010000 		.4byte	.LASF11
 712 0091 07       		.uleb128 0x7
 713 0092 6E000000 		.4byte	0x6e
 714 0096 08       		.uleb128 0x8
 715 0097 29010000 		.4byte	.LASF12
 716 009b 03       		.byte	0x3
 717 009c 1F       		.byte	0x1f
 718 009d A7000000 		.4byte	0xa7
 719 00a1 05       		.uleb128 0x5
 720 00a2 03       		.byte	0x3
 721 00a3 00000000 		.4byte	cy_meta_configecc
 722 00a7 07       		.uleb128 0x7
 723 00a8 79000000 		.4byte	0x79
 724 00ac 05       		.uleb128 0x5
 725 00ad 91000000 		.4byte	0x91
 726 00b1 BC000000 		.4byte	0xbc
 727 00b5 09       		.uleb128 0x9
 728 00b6 8A000000 		.4byte	0x8a
 729 00ba 03       		.byte	0x3
 730 00bb 00       		.byte	0
 731 00bc 08       		.uleb128 0x8
 732 00bd 19010000 		.4byte	.LASF13
 733 00c1 03       		.byte	0x3
 734 00c2 73       		.byte	0x73
 735 00c3 CD000000 		.4byte	0xcd
 736 00c7 05       		.uleb128 0x5
 737 00c8 03       		.byte	0x3
ARM GAS  C:\Users\antoi\AppData\Local\Temp\ccTxJChG.s 			page 14


 738 00c9 00000000 		.4byte	cy_meta_custnvl
 739 00cd 07       		.uleb128 0x7
 740 00ce AC000000 		.4byte	0xac
 741 00d2 08       		.uleb128 0x8
 742 00d3 7C010000 		.4byte	.LASF14
 743 00d7 03       		.byte	0x3
 744 00d8 81       		.byte	0x81
 745 00d9 E3000000 		.4byte	0xe3
 746 00dd 05       		.uleb128 0x5
 747 00de 03       		.byte	0x3
 748 00df 00000000 		.4byte	cy_meta_wonvl
 749 00e3 07       		.uleb128 0x7
 750 00e4 AC000000 		.4byte	0xac
 751 00e8 05       		.uleb128 0x5
 752 00e9 91000000 		.4byte	0x91
 753 00ed F8000000 		.4byte	0xf8
 754 00f1 09       		.uleb128 0x9
 755 00f2 8A000000 		.4byte	0x8a
 756 00f6 FF       		.byte	0xff
 757 00f7 00       		.byte	0
 758 00f8 08       		.uleb128 0x8
 759 00f9 67010000 		.4byte	.LASF15
 760 00fd 03       		.byte	0x3
 761 00fe 8F       		.byte	0x8f
 762 00ff 09010000 		.4byte	0x109
 763 0103 05       		.uleb128 0x5
 764 0104 03       		.byte	0x3
 765 0105 00000000 		.4byte	cy_meta_flashprotect
 766 0109 07       		.uleb128 0x7
 767 010a E8000000 		.4byte	0xe8
 768 010e 05       		.uleb128 0x5
 769 010f 91000000 		.4byte	0x91
 770 0113 1E010000 		.4byte	0x11e
 771 0117 09       		.uleb128 0x9
 772 0118 8A000000 		.4byte	0x8a
 773 011c 0B       		.byte	0xb
 774 011d 00       		.byte	0
 775 011e 08       		.uleb128 0x8
 776 011f 0A000000 		.4byte	.LASF16
 777 0123 03       		.byte	0x3
 778 0124 BC       		.byte	0xbc
 779 0125 2F010000 		.4byte	0x12f
 780 0129 05       		.uleb128 0x5
 781 012a 03       		.byte	0x3
 782 012b 00000000 		.4byte	cy_metadata
 783 012f 07       		.uleb128 0x7
 784 0130 0E010000 		.4byte	0x10e
 785 0134 00       		.byte	0
 786              		.section	.debug_abbrev,"",%progbits
 787              	.Ldebug_abbrev0:
 788 0000 01       		.uleb128 0x1
 789 0001 11       		.uleb128 0x11
 790 0002 01       		.byte	0x1
 791 0003 25       		.uleb128 0x25
 792 0004 0E       		.uleb128 0xe
 793 0005 13       		.uleb128 0x13
 794 0006 0B       		.uleb128 0xb
ARM GAS  C:\Users\antoi\AppData\Local\Temp\ccTxJChG.s 			page 15


 795 0007 03       		.uleb128 0x3
 796 0008 0E       		.uleb128 0xe
 797 0009 1B       		.uleb128 0x1b
 798 000a 0E       		.uleb128 0xe
 799 000b 10       		.uleb128 0x10
 800 000c 17       		.uleb128 0x17
 801 000d 00       		.byte	0
 802 000e 00       		.byte	0
 803 000f 02       		.uleb128 0x2
 804 0010 24       		.uleb128 0x24
 805 0011 00       		.byte	0
 806 0012 0B       		.uleb128 0xb
 807 0013 0B       		.uleb128 0xb
 808 0014 3E       		.uleb128 0x3e
 809 0015 0B       		.uleb128 0xb
 810 0016 03       		.uleb128 0x3
 811 0017 0E       		.uleb128 0xe
 812 0018 00       		.byte	0
 813 0019 00       		.byte	0
 814 001a 03       		.uleb128 0x3
 815 001b 16       		.uleb128 0x16
 816 001c 00       		.byte	0
 817 001d 03       		.uleb128 0x3
 818 001e 0E       		.uleb128 0xe
 819 001f 3A       		.uleb128 0x3a
 820 0020 0B       		.uleb128 0xb
 821 0021 3B       		.uleb128 0x3b
 822 0022 0B       		.uleb128 0xb
 823 0023 49       		.uleb128 0x49
 824 0024 13       		.uleb128 0x13
 825 0025 00       		.byte	0
 826 0026 00       		.byte	0
 827 0027 04       		.uleb128 0x4
 828 0028 24       		.uleb128 0x24
 829 0029 00       		.byte	0
 830 002a 0B       		.uleb128 0xb
 831 002b 0B       		.uleb128 0xb
 832 002c 3E       		.uleb128 0x3e
 833 002d 0B       		.uleb128 0xb
 834 002e 03       		.uleb128 0x3
 835 002f 08       		.uleb128 0x8
 836 0030 00       		.byte	0
 837 0031 00       		.byte	0
 838 0032 05       		.uleb128 0x5
 839 0033 01       		.uleb128 0x1
 840 0034 01       		.byte	0x1
 841 0035 49       		.uleb128 0x49
 842 0036 13       		.uleb128 0x13
 843 0037 01       		.uleb128 0x1
 844 0038 13       		.uleb128 0x13
 845 0039 00       		.byte	0
 846 003a 00       		.byte	0
 847 003b 06       		.uleb128 0x6
 848 003c 21       		.uleb128 0x21
 849 003d 00       		.byte	0
 850 003e 49       		.uleb128 0x49
 851 003f 13       		.uleb128 0x13
ARM GAS  C:\Users\antoi\AppData\Local\Temp\ccTxJChG.s 			page 16


 852 0040 2F       		.uleb128 0x2f
 853 0041 05       		.uleb128 0x5
 854 0042 00       		.byte	0
 855 0043 00       		.byte	0
 856 0044 07       		.uleb128 0x7
 857 0045 26       		.uleb128 0x26
 858 0046 00       		.byte	0
 859 0047 49       		.uleb128 0x49
 860 0048 13       		.uleb128 0x13
 861 0049 00       		.byte	0
 862 004a 00       		.byte	0
 863 004b 08       		.uleb128 0x8
 864 004c 34       		.uleb128 0x34
 865 004d 00       		.byte	0
 866 004e 03       		.uleb128 0x3
 867 004f 0E       		.uleb128 0xe
 868 0050 3A       		.uleb128 0x3a
 869 0051 0B       		.uleb128 0xb
 870 0052 3B       		.uleb128 0x3b
 871 0053 0B       		.uleb128 0xb
 872 0054 49       		.uleb128 0x49
 873 0055 13       		.uleb128 0x13
 874 0056 3F       		.uleb128 0x3f
 875 0057 19       		.uleb128 0x19
 876 0058 02       		.uleb128 0x2
 877 0059 18       		.uleb128 0x18
 878 005a 00       		.byte	0
 879 005b 00       		.byte	0
 880 005c 09       		.uleb128 0x9
 881 005d 21       		.uleb128 0x21
 882 005e 00       		.byte	0
 883 005f 49       		.uleb128 0x49
 884 0060 13       		.uleb128 0x13
 885 0061 2F       		.uleb128 0x2f
 886 0062 0B       		.uleb128 0xb
 887 0063 00       		.byte	0
 888 0064 00       		.byte	0
 889 0065 00       		.byte	0
 890              		.section	.debug_aranges,"",%progbits
 891 0000 14000000 		.4byte	0x14
 892 0004 0200     		.2byte	0x2
 893 0006 00000000 		.4byte	.Ldebug_info0
 894 000a 04       		.byte	0x4
 895 000b 00       		.byte	0
 896 000c 0000     		.2byte	0
 897 000e 0000     		.2byte	0
 898 0010 00000000 		.4byte	0
 899 0014 00000000 		.4byte	0
 900              		.section	.debug_line,"",%progbits
 901              	.Ldebug_line0:
 902 0000 3D010000 		.section	.debug_str,"MS",%progbits,1
 902      02003701 
 902      00000201 
 902      FB0E0D00 
 902      01010101 
 903              	.LASF9:
 904 0000 5F5F7569 		.ascii	"__uint8_t\000"
ARM GAS  C:\Users\antoi\AppData\Local\Temp\ccTxJChG.s 			page 17


 904      6E74385F 
 904      7400
 905              	.LASF16:
 906 000a 63795F6D 		.ascii	"cy_metadata\000"
 906      65746164 
 906      61746100 
 907              	.LASF1:
 908 0016 756E7369 		.ascii	"unsigned char\000"
 908      676E6564 
 908      20636861 
 908      7200
 909              	.LASF17:
 910 0024 474E5520 		.ascii	"GNU C11 5.4.1 20160609 (release) [ARM/embedded-5-br"
 910      43313120 
 910      352E342E 
 910      31203230 
 910      31363036 
 911 0057 616E6368 		.ascii	"anch revision 237715] -mcpu=cortex-m3 -mthumb -g -O"
 911      20726576 
 911      6973696F 
 911      6E203233 
 911      37373135 
 912 008a 67202D66 		.ascii	"g -ffunction-sections -ffat-lto-objects\000"
 912      66756E63 
 912      74696F6E 
 912      2D736563 
 912      74696F6E 
 913              	.LASF5:
 914 00b2 6C6F6E67 		.ascii	"long unsigned int\000"
 914      20756E73 
 914      69676E65 
 914      6420696E 
 914      7400
 915              	.LASF3:
 916 00c4 73686F72 		.ascii	"short unsigned int\000"
 916      7420756E 
 916      7369676E 
 916      65642069 
 916      6E7400
 917              	.LASF19:
 918 00d7 433A5C55 		.ascii	"C:\\Users\\antoi\\Documents\\PSoC Creator\\ProjetDi"
 918      73657273 
 918      5C616E74 
 918      6F695C44 
 918      6F63756D 
 919 0105 6E6F5C50 		.ascii	"no\\ProjetDino.cydsn\000"
 919      726F6A65 
 919      7444696E 
 919      6F2E6379 
 919      64736E00 
 920              	.LASF13:
 921 0119 63795F6D 		.ascii	"cy_meta_custnvl\000"
 921      6574615F 
 921      63757374 
 921      6E766C00 
 922              	.LASF12:
 923 0129 63795F6D 		.ascii	"cy_meta_configecc\000"
ARM GAS  C:\Users\antoi\AppData\Local\Temp\ccTxJChG.s 			page 18


 923      6574615F 
 923      636F6E66 
 923      69676563 
 923      6300
 924              	.LASF8:
 925 013b 756E7369 		.ascii	"unsigned int\000"
 925      676E6564 
 925      20696E74 
 925      00
 926              	.LASF7:
 927 0148 6C6F6E67 		.ascii	"long long unsigned int\000"
 927      206C6F6E 
 927      6720756E 
 927      7369676E 
 927      65642069 
 928              	.LASF10:
 929 015f 75696E74 		.ascii	"uint8_t\000"
 929      385F7400 
 930              	.LASF15:
 931 0167 63795F6D 		.ascii	"cy_meta_flashprotect\000"
 931      6574615F 
 931      666C6173 
 931      6870726F 
 931      74656374 
 932              	.LASF14:
 933 017c 63795F6D 		.ascii	"cy_meta_wonvl\000"
 933      6574615F 
 933      776F6E76 
 933      6C00
 934              	.LASF11:
 935 018a 73697A65 		.ascii	"sizetype\000"
 935      74797065 
 935      00
 936              	.LASF6:
 937 0193 6C6F6E67 		.ascii	"long long int\000"
 937      206C6F6E 
 937      6720696E 
 937      7400
 938              	.LASF2:
 939 01a1 73686F72 		.ascii	"short int\000"
 939      7420696E 
 939      7400
 940              	.LASF4:
 941 01ab 6C6F6E67 		.ascii	"long int\000"
 941      20696E74 
 941      00
 942              	.LASF0:
 943 01b4 7369676E 		.ascii	"signed char\000"
 943      65642063 
 943      68617200 
 944              	.LASF18:
 945 01c0 47656E65 		.ascii	"Generated_Source\\PSoC5\\cymetadata.c\000"
 945      72617465 
 945      645F536F 
 945      75726365 
 945      5C50536F 
 946              		.ident	"GCC: (GNU Tools for ARM Embedded Processors) 5.4.1 20160609 (release) [ARM/embedded-5-bran
ARM GAS  C:\Users\antoi\AppData\Local\Temp\ccTxJChG.s 			page 19


